HEAD is now at 6fb1d96 Auto-update Mon 15 Jun 03:00:01 EEST 2026
HEAD is now at c7d36c7 Auto-update Mon 15 Jun 12:00:01 EEST 2026
HEAD is now at 528a509 Auto-update Mon 15 Jun 21:00:01 EEST 2026
HEAD is now at 784393d Auto-update Tue 16 Jun 00:00:01 EEST 2026
HEAD is now at a024f85 Auto-update Tue 16 Jun 09:00:01 EEST 2026
HEAD is now at a1e44f0 Auto-update Tue 16 Jun 18:00:01 EEST 2026
HEAD is now at 4e93951 Auto-update Wed 17 Jun 03:00:01 EEST 2026
HEAD is now at b803700 Auto-update Wed 17 Jun 12:00:01 EEST 2026
HEAD is now at 7fd798b Auto-update Wed 17 Jun 21:00:01 EEST 2026
HEAD is now at 61590f8 Auto-update Thu 18 Jun 00:00:01 EEST 2026
HEAD is now at aff3a8e Auto-update Thu 18 Jun 09:00:01 EEST 2026
HEAD is now at 6b59b2a Auto-update Thu 18 Jun 18:00:01 EEST 2026
HEAD is now at a66f3ee Auto-update Thu 18 Jun 21:00:01 EEST 2026
HEAD is now at 6f6f74b Auto-update Fri 19 Jun 06:00:01 EEST 2026
HEAD is now at bb2843d Auto-update Fri 19 Jun 15:00:01 EEST 2026
HEAD is now at 8216375 Auto-update Sat 20 Jun 00:00:01 EEST 2026
HEAD is now at e7dacfd Auto-update Sat 20 Jun 09:00:01 EEST 2026
HEAD is now at 8b7c190 Auto-update Sat 20 Jun 12:00:01 EEST 2026
HEAD is now at 01b818f Auto-update Sat 20 Jun 21:00:01 EEST 2026
HEAD is now at c3fc4a1 Auto-update Sun 21 Jun 06:00:01 EEST 2026
HEAD is now at 787ace5 Auto-update Sun 21 Jun 15:00:01 EEST 2026
HEAD is now at 3bf3c86 Auto-update Mon 22 Jun 00:00:01 EEST 2026
HEAD is now at 317876f Auto-update Mon 22 Jun 09:00:01 EEST 2026
HEAD is now at fdd6756 Auto-update Mon 22 Jun 18:00:01 EEST 2026
HEAD is now at e6673e8 Auto-update Mon 22 Jun 21:00:01 EEST 2026
HEAD is now at 230b7f0 Auto-update Tue 23 Jun 06:00:01 EEST 2026
HEAD is now at 98107fb Auto-update Tue 23 Jun 15:00:02 EEST 2026
HEAD is now at 5ad0e86 Auto-update Wed 24 Jun 00:00:01 EEST 2026
HEAD is now at f4cf52d Auto-update Wed 24 Jun 09:00:01 EEST 2026
HEAD is now at 0ce9420 Auto-update Wed 24 Jun 18:00:01 EEST 2026
